<?xml version="1.0" encoding="UTF-8"?>
<!-- Generated by org.testng.reporters.JUnitReportReporter -->
<testsuite hostname="DESKTOP-5I0BMR4" failures="0" tests="2" name="com.sevenrmartsupermarket.tests.LoginTest" time="18.749" errors="0" timestamp="2024-07-13T12:50:55 IST" skipped="0">
  <testcase classname="com.sevenrmartsupermarket.tests.LoginTest" name="verifyLogin" time="11.547"/>
  <testcase classname="com.sevenrmartsupermarket.tests.LoginTest" name="verifyLogin" time="7.202"/>
</testsuite> <!-- com.sevenrmartsupermarket.tests.LoginTest -->
